SF:/home/yuribispo/Development/fcamara-test/Domain/Entities/Vehicles/Vehicle.cs
FN:10,System.Int32 Domain.Entities.Vehicles.Vehicle::get_Id()
FNDA:0,System.Int32 Domain.Entities.Vehicles.Vehicle::get_Id()
DA:11,0
FN:11,System.String Domain.Entities.Vehicles.Vehicle::get_Brand()
FNDA:5,System.String Domain.Entities.Vehicles.Vehicle::get_Brand()
DA:12,5
FN:12,System.String Domain.Entities.Vehicles.Vehicle::get_Model()
FNDA:4,System.String Domain.Entities.Vehicles.Vehicle::get_Model()
DA:13,4
FN:13,Domain.Entities.Vehicles.ValueObjects.Color Domain.Entities.Vehicles.Vehicle::get_Color()
FNDA:4,Domain.Entities.Vehicles.ValueObjects.Color Domain.Entities.Vehicles.Vehicle::get_Color()
DA:14,4
FN:14,Domain.Entities.Vehicles.ValueObjects.LicensePlate Domain.Entities.Vehicles.Vehicle::get_LicensePlate()
FNDA:4,Domain.Entities.Vehicles.ValueObjects.LicensePlate Domain.Entities.Vehicles.Vehicle::get_LicensePlate()
DA:15,4
FN:15,Domain.Entities.Vehicles.Enum.VehicleType Domain.Entities.Vehicles.Vehicle::get_Type()
FNDA:3,Domain.Entities.Vehicles.Enum.VehicleType Domain.Entities.Vehicles.Vehicle::get_Type()
DA:16,3
FN:34,Domain.Data.Vehicle Domain.Entities.Vehicles.Vehicle::ToDataEntity()
FNDA:1,Domain.Data.Vehicle Domain.Entities.Vehicles.Vehicle::ToDataEntity()
DA:35,1
DA:36,1
DA:37,1
DA:38,1
FN:17,System.Void Domain.Entities.Vehicles.Vehicle::.ctor(System.String,System.String,Domain.Entities.Vehicles.ValueObjects.Color,Domain.Entities.Vehicles.ValueObjects.LicensePlate,Domain.Entities.Vehicles.Enum.VehicleType)
FNDA:4,System.Void Domain.Entities.Vehicles.Vehicle::.ctor(System.String,System.String,Domain.Entities.Vehicles.ValueObjects.Color,Domain.Entities.Vehicles.ValueObjects.LicensePlate,Domain.Entities.Vehicles.Enum.VehicleType)
DA:18,4
DA:19,4
DA:20,4
DA:21,1
DA:23,3
DA:25,3
DA:26,1
DA:28,2
DA:29,2
DA:30,2
DA:31,2
DA:32,2
BRDA:20,16,0,1
BRDA:20,16,1,3
BRDA:25,45,0,1
BRDA:25,45,1,2
LF:22
LH:21
BRF:4
BRH:4
FNF:8
FNH:7
end_of_record
SF:/home/yuribispo/Development/fcamara-test/Domain/Entities/Vehicles/ValueObjects/Color.cs
FN:19,System.Boolean Domain.Entities.Vehicles.ValueObjects.Color::Equals(Domain.Entities.Vehicles.ValueObjects.Color)
FNDA:0,System.Boolean Domain.Entities.Vehicles.ValueObjects.Color::Equals(Domain.Entities.Vehicles.ValueObjects.Color)
DA:20,0
DA:21,0
DA:22,0
FN:24,System.Boolean Domain.Entities.Vehicles.ValueObjects.Color::Equals(System.Object)
FNDA:0,System.Boolean Domain.Entities.Vehicles.ValueObjects.Color::Equals(System.Object)
DA:25,0
DA:26,0
DA:27,0
BRDA:26,9,0,0
BRDA:26,9,1,0
FN:29,System.Int32 Domain.Entities.Vehicles.ValueObjects.Color::GetHashCode()
FNDA:0,System.Int32 Domain.Entities.Vehicles.ValueObjects.Color::GetHashCode()
DA:30,0
DA:31,0
DA:32,0
FN:34,System.String Domain.Entities.Vehicles.ValueObjects.Color::ToString()
FNDA:2,System.String Domain.Entities.Vehicles.ValueObjects.Color::ToString()
DA:35,2
DA:36,2
DA:37,2
FN:10,System.Void Domain.Entities.Vehicles.ValueObjects.Color::.ctor(System.String)
FNDA:6,System.Void Domain.Entities.Vehicles.ValueObjects.Color::.ctor(System.String)
DA:11,6
DA:12,6
DA:13,6
DA:14,1
DA:16,5
DA:17,5
BRDA:13,16,0,1
BRDA:13,16,1,5
LF:18
LH:9
BRF:4
BRH:2
FNF:5
FNH:2
end_of_record
SF:/home/yuribispo/Development/fcamara-test/Domain/Entities/Vehicles/ValueObjects/LicensePlate.cs
FN:20,System.Boolean Domain.Entities.Vehicles.ValueObjects.LicensePlate::Equals(System.Object)
FNDA:0,System.Boolean Domain.Entities.Vehicles.ValueObjects.LicensePlate::Equals(System.Object)
DA:21,0
DA:22,0
DA:23,0
DA:24,0
BRDA:22,9,0,0
BRDA:22,9,1,0
FN:26,System.Boolean Domain.Entities.Vehicles.ValueObjects.LicensePlate::Equals(Domain.Entities.Vehicles.ValueObjects.LicensePlate)
FNDA:0,System.Boolean Domain.Entities.Vehicles.ValueObjects.LicensePlate::Equals(Domain.Entities.Vehicles.ValueObjects.LicensePlate)
DA:27,0
DA:28,0
DA:29,0
FN:31,System.Int32 Domain.Entities.Vehicles.ValueObjects.LicensePlate::GetHashCode()
FNDA:0,System.Int32 Domain.Entities.Vehicles.ValueObjects.LicensePlate::GetHashCode()
DA:32,0
DA:33,0
DA:34,0
FN:36,System.String Domain.Entities.Vehicles.ValueObjects.LicensePlate::ToString()
FNDA:2,System.String Domain.Entities.Vehicles.ValueObjects.LicensePlate::ToString()
DA:37,2
DA:38,2
DA:39,2
DA:41,2
DA:42,2
FN:10,System.Void Domain.Entities.Vehicles.ValueObjects.LicensePlate::.ctor(System.String)
FNDA:5,System.Void Domain.Entities.Vehicles.ValueObjects.LicensePlate::.ctor(System.String)
DA:11,5
DA:12,5
DA:13,5
DA:14,1
DA:15,1
DA:17,4
DA:18,4
BRDA:13,16,0,1
BRDA:13,16,1,4
LF:22
LH:12
BRF:4
BRH:2
FNF:5
FNH:2
end_of_record
SF:/home/yuribispo/Development/fcamara-test/Domain/Entities/Vehicles/Exceptions/BrandShouldNotBeEmptyException.cs
FN:6,System.Void Domain.Entities.Vehicles.Exceptions.BrandShouldNotBeEmptyException::.ctor(System.String)
FNDA:1,System.Void Domain.Entities.Vehicles.Exceptions.BrandShouldNotBeEmptyException::.ctor(System.String)
DA:7,1
DA:8,1
DA:9,1
LF:3
LH:3
BRF:0
BRH:0
FNF:1
FNH:1
end_of_record
SF:/home/yuribispo/Development/fcamara-test/Domain/Entities/Vehicles/Exceptions/ColorShouldNotBeEmptyException.cs
FN:6,System.Void Domain.Entities.Vehicles.Exceptions.ColorShouldNotBeEmptyException::.ctor(System.String)
FNDA:1,System.Void Domain.Entities.Vehicles.Exceptions.ColorShouldNotBeEmptyException::.ctor(System.String)
DA:7,1
DA:8,1
DA:9,1
LF:3
LH:3
BRF:0
BRH:0
FNF:1
FNH:1
end_of_record
SF:/home/yuribispo/Development/fcamara-test/Domain/Entities/Vehicles/Exceptions/LicensePlateShouldNotBeEmptyException.cs
FN:6,System.Void Domain.Entities.Vehicles.Exceptions.LicensePlateShouldNotBeEmptyException::.ctor(System.String)
FNDA:1,System.Void Domain.Entities.Vehicles.Exceptions.LicensePlateShouldNotBeEmptyException::.ctor(System.String)
DA:7,1
DA:8,1
DA:9,1
LF:3
LH:3
BRF:0
BRH:0
FNF:1
FNH:1
end_of_record
SF:/home/yuribispo/Development/fcamara-test/Domain/Entities/Vehicles/Exceptions/ModelShouldNotBeEmptyException.cs
FN:6,System.Void Domain.Entities.Vehicles.Exceptions.ModelShouldNotBeEmptyException::.ctor(System.String)
FNDA:1,System.Void Domain.Entities.Vehicles.Exceptions.ModelShouldNotBeEmptyException::.ctor(System.String)
DA:7,1
DA:8,1
DA:9,1
LF:3
LH:3
BRF:0
BRH:0
FNF:1
FNH:1
end_of_record
SF:/home/yuribispo/Development/fcamara-test/Domain/Entities/ParkingSpaces/ParkingSpace.cs
FN:7,System.Int32 Domain.Entities.ParkingSpaces.ParkingSpace::get_Id()
FNDA:0,System.Int32 Domain.Entities.ParkingSpaces.ParkingSpace::get_Id()
DA:8,0
FN:8,Domain.Entities.ParkingSpaces.Enum.ParkingSpaceType Domain.Entities.ParkingSpaces.ParkingSpace::get_Type()
FNDA:163,Domain.Entities.ParkingSpaces.Enum.ParkingSpaceType Domain.Entities.ParkingSpaces.ParkingSpace::get_Type()
DA:9,163
FN:9,System.DateTime Domain.Entities.ParkingSpaces.ParkingSpace::get_Incoming()
FNDA:5,System.DateTime Domain.Entities.ParkingSpaces.ParkingSpace::get_Incoming()
DA:10,5
FN:10,System.DateTime Domain.Entities.ParkingSpaces.ParkingSpace::get_Outgoing()
FNDA:3,System.DateTime Domain.Entities.ParkingSpaces.ParkingSpace::get_Outgoing()
DA:11,3
FN:11,System.Nullable`1<System.Int32> Domain.Entities.ParkingSpaces.ParkingSpace::get_VehicleId()
FNDA:10,System.Nullable`1<System.Int32> Domain.Entities.ParkingSpaces.ParkingSpace::get_VehicleId()
DA:12,10
FN:19,Domain.Data.ParkingSpace Domain.Entities.ParkingSpaces.ParkingSpace::ToDataEntity()
FNDA:1,Domain.Data.ParkingSpace Domain.Entities.ParkingSpaces.ParkingSpace::ToDataEntity()
DA:20,1
DA:21,1
DA:22,1
FN:24,System.Void Domain.Entities.ParkingSpaces.ParkingSpace::Occupy(System.Int32)
FNDA:4,System.Void Domain.Entities.ParkingSpaces.ParkingSpace::Occupy(System.Int32)
DA:25,4
DA:26,4
DA:27,4
DA:28,4
FN:30,System.Void Domain.Entities.ParkingSpaces.ParkingSpace::Release()
FNDA:2,System.Void Domain.Entities.ParkingSpaces.ParkingSpace::Release()
DA:31,2
DA:32,2
DA:33,2
DA:34,2
FN:36,System.Double Domain.Entities.ParkingSpaces.ParkingSpace::CalculateTimeSpent()
FNDA:1,System.Double Domain.Entities.ParkingSpaces.ParkingSpace::CalculateTimeSpent()
DA:37,1
DA:38,1
DA:39,1
FN:41,System.Boolean Domain.Entities.ParkingSpaces.ParkingSpace::IsAvailable()
FNDA:4,System.Boolean Domain.Entities.ParkingSpaces.ParkingSpace::IsAvailable()
DA:42,4
DA:43,4
DA:44,4
FN:13,System.Void Domain.Entities.ParkingSpaces.ParkingSpace::.ctor(Domain.Entities.ParkingSpaces.Enum.ParkingSpaceType)
FNDA:161,System.Void Domain.Entities.ParkingSpaces.ParkingSpace::.ctor(Domain.Entities.ParkingSpaces.Enum.ParkingSpaceType)
DA:14,161
DA:15,161
DA:16,161
DA:17,161
LF:26
LH:25
BRF:0
BRH:0
FNF:11
FNH:10
end_of_record
SF:/home/yuribispo/Development/fcamara-test/Domain/Entities/Establishments/Establishment.cs
FN:12,System.Int32 Domain.Entities.Establishments.Establishment::get_Id()
FNDA:0,System.Int32 Domain.Entities.Establishments.Establishment::get_Id()
DA:13,0
FN:13,Domain.Entities.Establishments.ValueObjects.Name Domain.Entities.Establishments.Establishment::get_Name()
FNDA:14,Domain.Entities.Establishments.ValueObjects.Name Domain.Entities.Establishments.Establishment::get_Name()
DA:14,14
FN:14,Domain.Entities.Establishments.ValueObjects.CNPJ Domain.Entities.Establishments.Establishment::get_CNPJ()
FNDA:14,Domain.Entities.Establishments.ValueObjects.CNPJ Domain.Entities.Establishments.Establishment::get_CNPJ()
DA:15,14
FN:15,Domain.Entities.Addresses.Address Domain.Entities.Establishments.Establishment::get_Address()
FNDA:14,Domain.Entities.Addresses.Address Domain.Entities.Establishments.Establishment::get_Address()
DA:16,14
FN:16,Domain.Entities.Establishments.ValueObjects.Phone Domain.Entities.Establishments.Establishment::get_Phone()
FNDA:14,Domain.Entities.Establishments.ValueObjects.Phone Domain.Entities.Establishments.Establishment::get_Phone()
DA:17,14
FN:17,System.Int32 Domain.Entities.Establishments.Establishment::get_CarsCapacity()
FNDA:27,System.Int32 Domain.Entities.Establishments.Establishment::get_CarsCapacity()
DA:18,27
FN:18,System.Int32 Domain.Entities.Establishments.Establishment::get_MotorcyclesCapacity()
FNDA:17,System.Int32 Domain.Entities.Establishments.Establishment::get_MotorcyclesCapacity()
DA:19,17
FN:19,System.Collections.Generic.ICollection`1<Domain.Entities.ParkingSpaces.ParkingSpace> Domain.Entities.Establishments.Establishment::get_ParkingSpaces()
FNDA:166,System.Collections.Generic.ICollection`1<Domain.Entities.ParkingSpaces.ParkingSpace> Domain.Entities.Establishments.Establishment::get_ParkingSpaces()
DA:20,166
FN:52,System.Void Domain.Entities.Establishments.Establishment::GenerateParkingSpaces(Domain.Entities.ParkingSpaces.Enum.ParkingSpaceType,System.Int32)
FNDA:17,System.Void Domain.Entities.Establishments.Establishment::GenerateParkingSpaces(Domain.Entities.ParkingSpaces.Enum.ParkingSpaceType,System.Int32)
DA:53,17
DA:54,342
DA:55,154
DA:56,154
DA:57,154
DA:58,17
BRDA:54,35,1,154
BRDA:54,35,0,17
FN:60,Domain.Data.Establishment Domain.Entities.Establishments.Establishment::ToDataEntity()
FNDA:2,Domain.Data.Establishment Domain.Entities.Establishments.Establishment::ToDataEntity()
DA:61,2
DA:62,2
DA:63,2
DA:64,2
DA:65,2
DA:66,2
DA:67,2
DA:68,2
DA:69,2
DA:70,2
DA:71,2
FN:73,System.Void Domain.Entities.Establishments.Establishment::AddCarParkingSpace()
FNDA:1,System.Void Domain.Entities.Establishments.Establishment::AddCarParkingSpace()
DA:74,1
DA:75,1
DA:76,1
FN:78,System.Void Domain.Entities.Establishments.Establishment::RemoveCarParkingSpace()
FNDA:1,System.Void Domain.Entities.Establishments.Establishment::RemoveCarParkingSpace()
DA:79,1
DA:80,1
DA:81,1
FN:83,System.Void Domain.Entities.Establishments.Establishment::AddMotocycleParkingSpace()
FNDA:1,System.Void Domain.Entities.Establishments.Establishment::AddMotocycleParkingSpace()
DA:84,1
DA:85,1
DA:86,1
FN:88,System.Void Domain.Entities.Establishments.Establishment::RemoveMotocycleParkingSpace()
FNDA:1,System.Void Domain.Entities.Establishments.Establishment::RemoveMotocycleParkingSpace()
DA:89,1
DA:90,1
DA:91,1
FN:21,System.Void Domain.Entities.Establishments.Establishment::.ctor(Domain.Entities.Establishments.ValueObjects.Name,Domain.Entities.Establishments.ValueObjects.CNPJ,Domain.Entities.Addresses.Address,Domain.Entities.Establishments.ValueObjects.Phone,System.Int32,System.Int32)
FNDA:12,System.Void Domain.Entities.Establishments.Establishment::.ctor(Domain.Entities.Establishments.ValueObjects.Name,Domain.Entities.Establishments.ValueObjects.CNPJ,Domain.Entities.Addresses.Address,Domain.Entities.Establishments.ValueObjects.Phone,System.Int32,System.Int32)
DA:22,12
DA:23,12
DA:24,12
DA:25,12
DA:26,1
DA:28,11
DA:29,11
DA:30,11
DA:31,11
DA:32,11
DA:34,11
DA:35,2
DA:36,2
DA:37,2
DA:39,9
DA:40,9
DA:42,9
DA:43,1
DA:44,1
DA:45,1
DA:47,8
DA:48,8
DA:49,8
DA:50,8
BRDA:25,15,0,1
BRDA:25,24,0,1
BRDA:25,33,0,1
BRDA:25,15,1,11
BRDA:25,24,1,11
BRDA:25,33,1,11
BRDA:25,48,0,1
BRDA:25,48,1,11
BRDA:34,113,0,2
BRDA:34,113,1,9
BRDA:42,156,0,1
BRDA:42,156,1,8
LF:61
LH:60
BRF:14
BRH:14
FNF:15
FNH:14
end_of_record
SF:/home/yuribispo/Development/fcamara-test/Domain/Entities/Establishments/ValueObjects/CNPJ.cs
FN:20,System.Boolean Domain.Entities.Establishments.ValueObjects.CNPJ::Equals(Domain.Entities.Establishments.ValueObjects.CNPJ)
FNDA:0,System.Boolean Domain.Entities.Establishments.ValueObjects.CNPJ::Equals(Domain.Entities.Establishments.ValueObjects.CNPJ)
DA:21,0
DA:22,0
DA:23,0
BRDA:22,8,0,0
BRDA:22,8,1,0
FN:25,System.Boolean Domain.Entities.Establishments.ValueObjects.CNPJ::Equals(System.Object)
FNDA:0,System.Boolean Domain.Entities.Establishments.ValueObjects.CNPJ::Equals(System.Object)
DA:26,0
DA:27,0
DA:28,0
BRDA:27,9,0,0
BRDA:27,9,1,0
FN:30,System.Boolean Domain.Entities.Establishments.ValueObjects.CNPJ::op_Equality(Domain.Entities.Establishments.ValueObjects.CNPJ,Domain.Entities.Establishments.ValueObjects.CNPJ)
FNDA:1,System.Boolean Domain.Entities.Establishments.ValueObjects.CNPJ::op_Equality(Domain.Entities.Establishments.ValueObjects.CNPJ,Domain.Entities.Establishments.ValueObjects.CNPJ)
DA:31,1
DA:32,1
DA:33,1
DA:35,0
DA:36,1
BRDA:32,2,0,1
BRDA:32,2,1,0
BRDA:32,13,0,1
BRDA:32,13,1,0
FN:38,System.Boolean Domain.Entities.Establishments.ValueObjects.CNPJ::op_Inequality(Domain.Entities.Establishments.ValueObjects.CNPJ,Domain.Entities.Establishments.ValueObjects.CNPJ)
FNDA:0,System.Boolean Domain.Entities.Establishments.ValueObjects.CNPJ::op_Inequality(Domain.Entities.Establishments.ValueObjects.CNPJ,Domain.Entities.Establishments.ValueObjects.CNPJ)
DA:39,0
DA:40,0
DA:41,0
FN:43,System.String Domain.Entities.Establishments.ValueObjects.CNPJ::ToString()
FNDA:3,System.String Domain.Entities.Establishments.ValueObjects.CNPJ::ToString()
DA:44,3
DA:45,3
DA:46,3
FN:48,System.Int32 Domain.Entities.Establishments.ValueObjects.CNPJ::GetHashCode()
FNDA:0,System.Int32 Domain.Entities.Establishments.ValueObjects.CNPJ::GetHashCode()
DA:49,0
DA:50,0
DA:51,0
FN:10,System.Void Domain.Entities.Establishments.ValueObjects.CNPJ::.ctor(System.String)
FNDA:15,System.Void Domain.Entities.Establishments.ValueObjects.CNPJ::.ctor(System.String)
DA:11,15
DA:12,15
DA:13,15
DA:14,1
DA:15,1
DA:17,14
DA:18,14
BRDA:13,16,0,1
BRDA:13,16,1,14
LF:27
LH:14
BRF:10
BRH:4
FNF:7
FNH:3
end_of_record
SF:/home/yuribispo/Development/fcamara-test/Domain/Entities/Establishments/ValueObjects/Name.cs
FN:20,System.Boolean Domain.Entities.Establishments.ValueObjects.Name::Equals(Domain.Entities.Establishments.ValueObjects.Name)
FNDA:11,System.Boolean Domain.Entities.Establishments.ValueObjects.Name::Equals(Domain.Entities.Establishments.ValueObjects.Name)
DA:21,11
DA:22,11
DA:23,11
BRDA:22,8,0,11
BRDA:22,8,1,0
FN:25,System.Boolean Domain.Entities.Establishments.ValueObjects.Name::Equals(System.Object)
FNDA:0,System.Boolean Domain.Entities.Establishments.ValueObjects.Name::Equals(System.Object)
DA:26,0
DA:27,0
DA:28,0
BRDA:27,9,0,0
BRDA:27,9,1,0
FN:30,System.Boolean Domain.Entities.Establishments.ValueObjects.Name::op_Equality(Domain.Entities.Establishments.ValueObjects.Name,Domain.Entities.Establishments.ValueObjects.Name)
FNDA:12,System.Boolean Domain.Entities.Establishments.ValueObjects.Name::op_Equality(Domain.Entities.Establishments.ValueObjects.Name,Domain.Entities.Establishments.ValueObjects.Name)
DA:31,12
DA:32,12
DA:33,1
DA:35,11
DA:36,12
BRDA:32,2,0,1
BRDA:32,2,1,11
BRDA:32,13,0,1
BRDA:32,13,1,11
FN:38,System.Boolean Domain.Entities.Establishments.ValueObjects.Name::op_Inequality(Domain.Entities.Establishments.ValueObjects.Name,Domain.Entities.Establishments.ValueObjects.Name)
FNDA:0,System.Boolean Domain.Entities.Establishments.ValueObjects.Name::op_Inequality(Domain.Entities.Establishments.ValueObjects.Name,Domain.Entities.Establishments.ValueObjects.Name)
DA:39,0
DA:40,0
DA:41,0
FN:43,System.String Domain.Entities.Establishments.ValueObjects.Name::ToString()
FNDA:3,System.String Domain.Entities.Establishments.ValueObjects.Name::ToString()
DA:44,3
DA:45,3
DA:46,3
FN:48,System.Int32 Domain.Entities.Establishments.ValueObjects.Name::GetHashCode()
FNDA:0,System.Int32 Domain.Entities.Establishments.ValueObjects.Name::GetHashCode()
DA:49,0
DA:50,0
DA:51,0
FN:10,System.Void Domain.Entities.Establishments.ValueObjects.Name::.ctor(System.String)
FNDA:17,System.Void Domain.Entities.Establishments.ValueObjects.Name::.ctor(System.String)
DA:11,17
DA:12,17
DA:13,17
DA:14,2
DA:15,2
DA:17,15
DA:18,15
BRDA:13,16,0,2
BRDA:13,16,1,15
LF:27
LH:18
BRF:10
BRH:7
FNF:7
FNH:4
end_of_record
SF:/home/yuribispo/Development/fcamara-test/Domain/Entities/Establishments/ValueObjects/Phone.cs
FN:33,System.Boolean Domain.Entities.Establishments.ValueObjects.Phone::Equals(Domain.Entities.Establishments.ValueObjects.Phone)
FNDA:0,System.Boolean Domain.Entities.Establishments.ValueObjects.Phone::Equals(Domain.Entities.Establishments.ValueObjects.Phone)
DA:34,0
DA:35,0
DA:36,0
DA:37,0
BRDA:35,8,0,0
BRDA:35,8,1,0
BRDA:35,24,0,0
BRDA:35,33,0,0
BRDA:35,33,1,0
BRDA:35,24,1,0
FN:39,System.Boolean Domain.Entities.Establishments.ValueObjects.Phone::Equals(System.Object)
FNDA:0,System.Boolean Domain.Entities.Establishments.ValueObjects.Phone::Equals(System.Object)
DA:40,0
DA:41,0
DA:42,0
BRDA:41,9,0,0
BRDA:41,9,1,0
FN:44,System.Boolean Domain.Entities.Establishments.ValueObjects.Phone::op_Equality(Domain.Entities.Establishments.ValueObjects.Phone,Domain.Entities.Establishments.ValueObjects.Phone)
FNDA:1,System.Boolean Domain.Entities.Establishments.ValueObjects.Phone::op_Equality(Domain.Entities.Establishments.ValueObjects.Phone,Domain.Entities.Establishments.ValueObjects.Phone)
DA:45,1
DA:46,1
DA:47,1
DA:49,0
DA:50,1
BRDA:46,2,0,1
BRDA:46,2,1,0
BRDA:46,13,0,1
BRDA:46,13,1,0
FN:52,System.Boolean Domain.Entities.Establishments.ValueObjects.Phone::op_Inequality(Domain.Entities.Establishments.ValueObjects.Phone,Domain.Entities.Establishments.ValueObjects.Phone)
FNDA:0,System.Boolean Domain.Entities.Establishments.ValueObjects.Phone::op_Inequality(Domain.Entities.Establishments.ValueObjects.Phone,Domain.Entities.Establishments.ValueObjects.Phone)
DA:53,0
DA:54,0
DA:55,0
FN:57,System.String Domain.Entities.Establishments.ValueObjects.Phone::ToString()
FNDA:3,System.String Domain.Entities.Establishments.ValueObjects.Phone::ToString()
DA:58,3
DA:59,3
DA:60,3
DA:62,3
DA:63,3
FN:65,System.Int32 Domain.Entities.Establishments.ValueObjects.Phone::GetHashCode()
FNDA:0,System.Int32 Domain.Entities.Establishments.ValueObjects.Phone::GetHashCode()
DA:66,0
DA:67,0
DA:68,0
DA:69,0
DA:70,0
DA:71,0
FN:11,System.Void Domain.Entities.Establishments.ValueObjects.Phone::.ctor(System.String,System.String)
FNDA:13,System.Void Domain.Entities.Establishments.ValueObjects.Phone::.ctor(System.String,System.String)
DA:12,13
DA:13,13
DA:14,13
DA:15,1
DA:16,1
DA:17,1
DA:18,1
DA:21,12
DA:23,12
DA:24,1
DA:25,1
DA:26,1
DA:27,1
DA:30,11
DA:31,11
BRDA:14,16,0,1
BRDA:14,16,1,12
BRDA:23,45,0,11
BRDA:23,45,1,1
BRDA:23,61,0,1
BRDA:23,61,1,11
LF:41
LH:24
BRF:18
BRH:8
FNF:7
FNH:3
end_of_record
SF:/home/yuribispo/Development/fcamara-test/Domain/Entities/Establishments/Exceptions/AddressFieldShouldNotBeEmpty.cs
FN:12,System.String Domain.Entities.Establishments.Exceptions.AddressFieldShouldNotBeEmpty::AddressFieldMessage(System.String)
FNDA:6,System.String Domain.Entities.Establishments.Exceptions.AddressFieldShouldNotBeEmpty::AddressFieldMessage(System.String)
DA:13,6
DA:14,6
DA:15,6
FN:7,System.Void Domain.Entities.Establishments.Exceptions.AddressFieldShouldNotBeEmpty::.ctor(System.String)
FNDA:6,System.Void Domain.Entities.Establishments.Exceptions.AddressFieldShouldNotBeEmpty::.ctor(System.String)
DA:8,6
DA:9,6
DA:10,6
LF:6
LH:6
BRF:0
BRH:0
FNF:2
FNH:2
end_of_record
SF:/home/yuribispo/Development/fcamara-test/Domain/Entities/Establishments/Exceptions/CarsCapacityShouldBePositive.cs
FN:6,System.Void Domain.Entities.Establishments.Exceptions.CarsCapacityShouldBePositive::.ctor(System.String)
FNDA:2,System.Void Domain.Entities.Establishments.Exceptions.CarsCapacityShouldBePositive::.ctor(System.String)
DA:7,2
DA:8,2
DA:9,2
LF:3
LH:3
BRF:0
BRH:0
FNF:1
FNH:1
end_of_record
SF:/home/yuribispo/Development/fcamara-test/Domain/Entities/Establishments/Exceptions/CNPJShouldNotBeEmptyOrWhiteSpaceException.cs
FN:7,System.Void Domain.Entities.Establishments.Exceptions.CNPJShouldNotBeEmptyOrWhiteSpaceException::.ctor(System.String)
FNDA:1,System.Void Domain.Entities.Establishments.Exceptions.CNPJShouldNotBeEmptyOrWhiteSpaceException::.ctor(System.String)
DA:8,1
DA:9,2
LF:2
LH:2
BRF:0
BRH:0
FNF:1
FNH:1
end_of_record
SF:/home/yuribispo/Development/fcamara-test/Domain/Entities/Establishments/Exceptions/MotorcyclesCapacityShoudlBePositive.cs
FN:6,System.Void Domain.Entities.Establishments.Exceptions.MotorcyclesCapacityShouldBePositive::.ctor(System.String)
FNDA:1,System.Void Domain.Entities.Establishments.Exceptions.MotorcyclesCapacityShouldBePositive::.ctor(System.String)
DA:7,1
DA:8,1
DA:9,1
LF:3
LH:3
BRF:0
BRH:0
FNF:1
FNH:1
end_of_record
SF:/home/yuribispo/Development/fcamara-test/Domain/Entities/Establishments/Exceptions/NameShouldNotBeEmptyOrWhiteSpaceException.cs
FN:7,System.Void Domain.Entities.Establishments.Exceptions.NameShouldNotBeEmptyOrWhiteSpaceException::.ctor(System.String)
FNDA:2,System.Void Domain.Entities.Establishments.Exceptions.NameShouldNotBeEmptyOrWhiteSpaceException::.ctor(System.String)
DA:8,2
DA:9,4
LF:2
LH:2
BRF:0
BRH:0
FNF:1
FNH:1
end_of_record
SF:/home/yuribispo/Development/fcamara-test/Domain/Entities/Establishments/Exceptions/PhoneCodeAreaShouldNotBeEmptyException.cs
FN:6,System.Void Domain.Entities.Establishments.Exceptions.PhoneCodeAreaShouldNotBeEmptyException::.ctor(System.String)
FNDA:1,System.Void Domain.Entities.Establishments.Exceptions.PhoneCodeAreaShouldNotBeEmptyException::.ctor(System.String)
DA:7,1
DA:8,1
DA:9,1
LF:3
LH:3
BRF:0
BRH:0
FNF:1
FNH:1
end_of_record
SF:/home/yuribispo/Development/fcamara-test/Domain/Entities/Establishments/Exceptions/PhoneNumberInvalidFormatException.cs
FN:6,System.Void Domain.Entities.Establishments.Exceptions.PhoneNumberInvalidFormatException::.ctor(System.String)
FNDA:1,System.Void Domain.Entities.Establishments.Exceptions.PhoneNumberInvalidFormatException::.ctor(System.String)
DA:7,1
DA:8,1
DA:9,1
LF:3
LH:3
BRF:0
BRH:0
FNF:1
FNH:1
end_of_record
SF:/home/yuribispo/Development/fcamara-test/Domain/Entities/Addresses/Address.cs
FN:9,System.Int32 Domain.Entities.Addresses.Address::get_Id()
FNDA:0,System.Int32 Domain.Entities.Addresses.Address::get_Id()
DA:10,0
FN:10,System.String Domain.Entities.Addresses.Address::get_Street()
FNDA:25,System.String Domain.Entities.Addresses.Address::get_Street()
DA:11,25
FN:11,System.String Domain.Entities.Addresses.Address::get_Number()
FNDA:24,System.String Domain.Entities.Addresses.Address::get_Number()
DA:12,24
FN:12,System.String Domain.Entities.Addresses.Address::get_Complement()
FNDA:21,System.String Domain.Entities.Addresses.Address::get_Complement()
DA:13,21
FN:13,System.String Domain.Entities.Addresses.Address::get_Neighbourhood()
FNDA:23,System.String Domain.Entities.Addresses.Address::get_Neighbourhood()
DA:14,23
FN:14,System.String Domain.Entities.Addresses.Address::get_City()
FNDA:22,System.String Domain.Entities.Addresses.Address::get_City()
DA:15,22
FN:15,System.String Domain.Entities.Addresses.Address::get_State()
FNDA:20,System.String Domain.Entities.Addresses.Address::get_State()
DA:16,20
FN:16,System.String Domain.Entities.Addresses.Address::get_ZipCode()
FNDA:20,System.String Domain.Entities.Addresses.Address::get_ZipCode()
DA:17,20
FN:55,System.Boolean Domain.Entities.Addresses.Address::Equals(System.Object)
FNDA:0,System.Boolean Domain.Entities.Addresses.Address::Equals(System.Object)
DA:56,0
DA:57,0
DA:58,0
BRDA:57,9,0,0
BRDA:57,9,1,0
FN:60,System.Boolean Domain.Entities.Addresses.Address::op_Equality(Domain.Entities.Addresses.Address,Domain.Entities.Addresses.Address)
FNDA:1,System.Boolean Domain.Entities.Addresses.Address::op_Equality(Domain.Entities.Addresses.Address,Domain.Entities.Addresses.Address)
DA:61,1
DA:62,1
DA:63,1
DA:65,0
DA:66,1
BRDA:62,2,0,1
BRDA:62,2,1,0
BRDA:62,13,0,1
BRDA:62,13,1,0
FN:68,System.Boolean Domain.Entities.Addresses.Address::op_Inequality(Domain.Entities.Addresses.Address,Domain.Entities.Addresses.Address)
FNDA:0,System.Boolean Domain.Entities.Addresses.Address::op_Inequality(Domain.Entities.Addresses.Address,Domain.Entities.Addresses.Address)
DA:69,0
DA:70,0
DA:71,0
FN:73,System.String Domain.Entities.Addresses.Address::ToString()
FNDA:1,System.String Domain.Entities.Addresses.Address::ToString()
DA:74,1
DA:75,1
DA:76,1
DA:77,1
DA:79,1
DA:80,1
DA:81,1
BRDA:76,23,0,1
BRDA:76,23,1,1
FN:83,System.String Domain.Entities.Addresses.Address::formatZipCode(System.String)
FNDA:1,System.String Domain.Entities.Addresses.Address::formatZipCode(System.String)
DA:84,1
DA:85,1
DA:86,1
FN:87,Domain.Data.Address Domain.Entities.Addresses.Address::ToDataEntity()
FNDA:3,Domain.Data.Address Domain.Entities.Addresses.Address::ToDataEntity()
DA:88,3
DA:89,3
DA:90,3
DA:91,3
FN:93,System.Int32 Domain.Entities.Addresses.Address::GetHashCode()
FNDA:0,System.Int32 Domain.Entities.Addresses.Address::GetHashCode()
DA:94,0
DA:95,0
DA:96,0
DA:97,0
DA:98,0
DA:99,0
DA:100,0
DA:101,0
DA:102,0
DA:103,0
DA:104,0
FN:18,System.Void Domain.Entities.Addresses.Address::.ctor(System.String,System.String,System.String,System.String,System.String,System.String,System.String)
FNDA:21,System.Void Domain.Entities.Addresses.Address::.ctor(System.String,System.String,System.String,System.String,System.String,System.String,System.String)
DA:19,21
DA:20,21
DA:21,21
DA:22,21
DA:23,1
DA:25,20
DA:27,20
DA:28,1
DA:30,19
DA:32,19
DA:33,1
DA:35,18
DA:37,18
DA:38,1
DA:40,17
DA:42,17
DA:43,1
DA:45,16
DA:47,16
DA:48,1
DA:50,15
DA:52,15
DA:53,15
BRDA:22,16,0,1
BRDA:22,16,1,20
BRDA:27,45,0,1
BRDA:27,45,1,19
BRDA:32,74,0,1
BRDA:32,74,1,18
BRDA:37,104,0,1
BRDA:37,104,1,17
BRDA:42,137,0,1
BRDA:42,137,1,16
BRDA:47,170,0,1
BRDA:47,170,1,15
LF:67
LH:48
BRF:20
BRH:16
FNF:16
FNH:12
end_of_record
SF:/home/yuribispo/Development/fcamara-test/Domain/Entities/Addresses/ValueObjects/ZipCode.cs
FN:23,System.Boolean Domain.Entities.Addresses.ValueObjects.ZipCode::Equals(Domain.Entities.Addresses.ValueObjects.ZipCode)
FNDA:0,System.Boolean Domain.Entities.Addresses.ValueObjects.ZipCode::Equals(Domain.Entities.Addresses.ValueObjects.ZipCode)
DA:24,0
DA:25,0
DA:26,0
BRDA:25,8,0,0
BRDA:25,8,1,0
FN:28,System.Boolean Domain.Entities.Addresses.ValueObjects.ZipCode::Equals(System.Object)
FNDA:0,System.Boolean Domain.Entities.Addresses.ValueObjects.ZipCode::Equals(System.Object)
DA:29,0
DA:30,0
DA:31,0
BRDA:30,9,0,0
BRDA:30,9,1,0
FN:33,System.Boolean Domain.Entities.Addresses.ValueObjects.ZipCode::op_Equality(Domain.Entities.Addresses.ValueObjects.ZipCode,Domain.Entities.Addresses.ValueObjects.ZipCode)
FNDA:0,System.Boolean Domain.Entities.Addresses.ValueObjects.ZipCode::op_Equality(Domain.Entities.Addresses.ValueObjects.ZipCode,Domain.Entities.Addresses.ValueObjects.ZipCode)
DA:34,0
DA:35,0
DA:36,0
FN:38,System.Boolean Domain.Entities.Addresses.ValueObjects.ZipCode::op_Inequality(Domain.Entities.Addresses.ValueObjects.ZipCode,Domain.Entities.Addresses.ValueObjects.ZipCode)
FNDA:0,System.Boolean Domain.Entities.Addresses.ValueObjects.ZipCode::op_Inequality(Domain.Entities.Addresses.ValueObjects.ZipCode,Domain.Entities.Addresses.ValueObjects.ZipCode)
DA:39,0
DA:40,0
DA:41,0
FN:43,System.String Domain.Entities.Addresses.ValueObjects.ZipCode::ToString()
FNDA:0,System.String Domain.Entities.Addresses.ValueObjects.ZipCode::ToString()
DA:44,0
DA:45,0
DA:46,0
FN:48,System.Int32 Domain.Entities.Addresses.ValueObjects.ZipCode::GetHashCode()
FNDA:0,System.Int32 Domain.Entities.Addresses.ValueObjects.ZipCode::GetHashCode()
DA:49,0
DA:50,0
DA:51,0
FN:10,System.Void Domain.Entities.Addresses.ValueObjects.ZipCode::.ctor(System.String)
FNDA:0,System.Void Domain.Entities.Addresses.ValueObjects.ZipCode::.ctor(System.String)
DA:11,0
DA:12,0
DA:13,0
DA:14,0
DA:15,0
DA:17,0
DA:18,0
DA:20,0
DA:21,0
BRDA:13,16,0,0
BRDA:13,16,1,0
BRDA:17,48,0,0
BRDA:17,48,1,0
LF:27
LH:0
BRF:8
BRH:0
FNF:7
FNH:0
end_of_record
SF:/home/yuribispo/Development/fcamara-test/Domain/Entities/Addresses/Exceptions/ZipCodeInvalidFormatException.cs
FN:6,System.Void Domain.Entities.Addresses.Exceptions.ZipCodeInvalidFormatException::.ctor(System.String)
FNDA:0,System.Void Domain.Entities.Addresses.Exceptions.ZipCodeInvalidFormatException::.ctor(System.String)
DA:7,0
DA:8,0
DA:9,0
LF:3
LH:0
BRF:0
BRH:0
FNF:1
FNH:0
end_of_record
SF:/home/yuribispo/Development/fcamara-test/Domain/Entities/Addresses/Exceptions/ZipCodeShouldNotBeEmptyException.cs
FN:6,System.Void Domain.Entities.Addresses.Exceptions.ZipCodeShouldNotBeEmptyException::.ctor(System.String)
FNDA:0,System.Void Domain.Entities.Addresses.Exceptions.ZipCodeShouldNotBeEmptyException::.ctor(System.String)
DA:7,0
DA:8,0
DA:9,0
LF:3
LH:0
BRF:0
BRH:0
FNF:1
FNH:0
end_of_record
SF:/home/yuribispo/Development/fcamara-test/Domain/Data/Address.cs
FN:6,System.Int32 Domain.Data.Address::get_Id()
FNDA:5,System.Int32 Domain.Data.Address::get_Id()
DA:7,5
FN:7,System.String Domain.Data.Address::get_Street()
FNDA:5,System.String Domain.Data.Address::get_Street()
DA:8,5
FN:8,System.String Domain.Data.Address::get_Number()
FNDA:5,System.String Domain.Data.Address::get_Number()
DA:9,5
FN:9,System.String Domain.Data.Address::get_Complement()
FNDA:5,System.String Domain.Data.Address::get_Complement()
DA:10,5
FN:10,System.String Domain.Data.Address::get_Neighbourhood()
FNDA:5,System.String Domain.Data.Address::get_Neighbourhood()
DA:11,5
FN:11,System.String Domain.Data.Address::get_City()
FNDA:5,System.String Domain.Data.Address::get_City()
DA:12,5
FN:12,System.String Domain.Data.Address::get_State()
FNDA:5,System.String Domain.Data.Address::get_State()
DA:13,5
FN:13,System.String Domain.Data.Address::get_ZipCode()
FNDA:5,System.String Domain.Data.Address::get_ZipCode()
DA:14,5
FN:15,System.Void Domain.Data.Address::.ctor(System.Int32,System.String,System.String,System.String,System.String,System.String,System.String,System.String)
FNDA:3,System.Void Domain.Data.Address::.ctor(System.Int32,System.String,System.String,System.String,System.String,System.String,System.String,System.String)
DA:16,3
DA:17,3
DA:18,3
DA:19,3
DA:20,3
DA:21,3
DA:22,3
DA:23,3
DA:24,3
DA:25,3
DA:26,3
DA:27,3
LF:20
LH:20
BRF:0
BRH:0
FNF:9
FNH:9
end_of_record
SF:/home/yuribispo/Development/fcamara-test/Domain/Data/Establishment.cs
FN:7,System.Int32 Domain.Data.Establishment::get_Id()
FNDA:0,System.Int32 Domain.Data.Establishment::get_Id()
DA:8,0
FN:8,System.String Domain.Data.Establishment::get_Name()
FNDA:3,System.String Domain.Data.Establishment::get_Name()
DA:9,3
FN:9,System.String Domain.Data.Establishment::get_CNPJ()
FNDA:3,System.String Domain.Data.Establishment::get_CNPJ()
DA:10,3
FN:10,Domain.Data.Address Domain.Data.Establishment::get_Address()
FNDA:3,Domain.Data.Address Domain.Data.Establishment::get_Address()
DA:11,3
FN:11,System.String Domain.Data.Establishment::get_Phone()
FNDA:3,System.String Domain.Data.Establishment::get_Phone()
DA:12,3
FN:12,System.Int32 Domain.Data.Establishment::get_CarsCapacity()
FNDA:3,System.Int32 Domain.Data.Establishment::get_CarsCapacity()
DA:13,3
FN:13,System.Int32 Domain.Data.Establishment::get_MotorcyclesCapacity()
FNDA:3,System.Int32 Domain.Data.Establishment::get_MotorcyclesCapacity()
DA:14,3
FN:14,System.Collections.Generic.ICollection`1<Domain.Data.ParkingSpace> Domain.Data.Establishment::get_ParkingSpaces()
FNDA:0,System.Collections.Generic.ICollection`1<Domain.Data.ParkingSpace> Domain.Data.Establishment::get_ParkingSpaces()
DA:15,0
FN:16,System.Void Domain.Data.Establishment::.ctor(System.Int32,System.String,System.String,Domain.Data.Address,System.String,System.Int32,System.Int32)
FNDA:2,System.Void Domain.Data.Establishment::.ctor(System.Int32,System.String,System.String,Domain.Data.Address,System.String,System.Int32,System.Int32)
DA:17,2
DA:18,2
DA:19,2
DA:20,2
DA:21,2
DA:22,2
DA:23,2
DA:24,2
DA:25,2
DA:26,2
DA:27,2
LF:19
LH:17
BRF:0
BRH:0
FNF:9
FNH:7
end_of_record
SF:/home/yuribispo/Development/fcamara-test/Domain/Data/ParkingSpace.cs
FN:7,System.Int32 Domain.Data.ParkingSpace::get_Id()
FNDA:0,System.Int32 Domain.Data.ParkingSpace::get_Id()
DA:8,0
FN:8,Domain.Entities.ParkingSpaces.Enum.ParkingSpaceType Domain.Data.ParkingSpace::get_Type()
FNDA:2,Domain.Entities.ParkingSpaces.Enum.ParkingSpaceType Domain.Data.ParkingSpace::get_Type()
DA:9,2
FN:10,System.Void Domain.Data.ParkingSpace::.ctor(System.Int32,Domain.Entities.ParkingSpaces.Enum.ParkingSpaceType)
FNDA:1,System.Void Domain.Data.ParkingSpace::.ctor(System.Int32,Domain.Entities.ParkingSpaces.Enum.ParkingSpaceType)
DA:11,1
DA:12,1
DA:13,1
DA:14,1
DA:15,1
LF:7
LH:6
BRF:0
BRH:0
FNF:3
FNH:2
end_of_record
SF:/home/yuribispo/Development/fcamara-test/Domain/Data/Vehicle.cs
FN:7,System.Int32 Domain.Data.Vehicle::get_Id()
FNDA:0,System.Int32 Domain.Data.Vehicle::get_Id()
DA:8,0
FN:8,System.String Domain.Data.Vehicle::get_Brand()
FNDA:2,System.String Domain.Data.Vehicle::get_Brand()
DA:9,2
FN:9,System.String Domain.Data.Vehicle::get_Model()
FNDA:2,System.String Domain.Data.Vehicle::get_Model()
DA:10,2
FN:10,System.String Domain.Data.Vehicle::get_Color()
FNDA:2,System.String Domain.Data.Vehicle::get_Color()
DA:11,2
FN:11,System.String Domain.Data.Vehicle::get_LicensePlate()
FNDA:2,System.String Domain.Data.Vehicle::get_LicensePlate()
DA:12,2
FN:12,Domain.Entities.Vehicles.Enum.VehicleType Domain.Data.Vehicle::get_Type()
FNDA:2,Domain.Entities.Vehicles.Enum.VehicleType Domain.Data.Vehicle::get_Type()
DA:13,2
FN:14,System.Void Domain.Data.Vehicle::.ctor(System.Int32,System.String,System.String,System.String,System.String,Domain.Entities.Vehicles.Enum.VehicleType)
FNDA:1,System.Void Domain.Data.Vehicle::.ctor(System.Int32,System.String,System.String,System.String,System.String,Domain.Entities.Vehicles.Enum.VehicleType)
DA:15,1
DA:16,1
DA:17,1
DA:18,1
DA:19,1
DA:20,1
DA:21,1
DA:22,1
DA:23,1
DA:24,1
LF:16
LH:15
BRF:0
BRH:0
FNF:7
FNH:6
end_of_record