SF:/home/yuribispo/Development/fcamara-test/Domain/Entities/Establishments/Establishment.cs
FN:10,System.Int32 Domain.Entities.Establishments.Establishment::get_Id()
FNDA:0,System.Int32 Domain.Entities.Establishments.Establishment::get_Id()
DA:11,0
FN:11,Domain.Entities.Establishments.ValueObjects.Name Domain.Entities.Establishments.Establishment::get_Name()
FNDA:13,Domain.Entities.Establishments.ValueObjects.Name Domain.Entities.Establishments.Establishment::get_Name()
DA:12,13
FN:12,Domain.Entities.Establishments.ValueObjects.CNPJ Domain.Entities.Establishments.Establishment::get_CNPJ()
FNDA:13,Domain.Entities.Establishments.ValueObjects.CNPJ Domain.Entities.Establishments.Establishment::get_CNPJ()
DA:13,13
FN:13,Domain.Entities.Addresses.Address Domain.Entities.Establishments.Establishment::get_Address()
FNDA:13,Domain.Entities.Addresses.Address Domain.Entities.Establishments.Establishment::get_Address()
DA:14,13
FN:14,Domain.Entities.Establishments.ValueObjects.Phone Domain.Entities.Establishments.Establishment::get_Phone()
FNDA:13,Domain.Entities.Establishments.ValueObjects.Phone Domain.Entities.Establishments.Establishment::get_Phone()
DA:15,13
FN:15,System.Int32 Domain.Entities.Establishments.Establishment::get_CarsCapacity()
FNDA:17,System.Int32 Domain.Entities.Establishments.Establishment::get_CarsCapacity()
DA:16,17
FN:16,System.Int32 Domain.Entities.Establishments.Establishment::get_MotorcyclesCapacity()
FNDA:16,System.Int32 Domain.Entities.Establishments.Establishment::get_MotorcyclesCapacity()
DA:17,16
FN:45,Domain.Data.Establishment Domain.Entities.Establishments.Establishment::ToDataEntity()
FNDA:2,Domain.Data.Establishment Domain.Entities.Establishments.Establishment::ToDataEntity()
DA:46,2
DA:47,2
DA:48,2
DA:49,2
DA:50,2
DA:51,2
DA:52,2
DA:53,2
DA:54,2
DA:55,2
DA:56,2
FN:58,System.Void Domain.Entities.Establishments.Establishment::AddCarParkingSpace()
FNDA:1,System.Void Domain.Entities.Establishments.Establishment::AddCarParkingSpace()
DA:59,1
DA:60,1
DA:61,1
FN:63,System.Void Domain.Entities.Establishments.Establishment::RemoveCarParkingSpace()
FNDA:1,System.Void Domain.Entities.Establishments.Establishment::RemoveCarParkingSpace()
DA:64,1
DA:65,1
DA:66,1
FN:68,System.Void Domain.Entities.Establishments.Establishment::AddMotocycleParkingSpace()
FNDA:1,System.Void Domain.Entities.Establishments.Establishment::AddMotocycleParkingSpace()
DA:69,1
DA:70,1
DA:71,1
FN:73,System.Void Domain.Entities.Establishments.Establishment::RemoveMotocycleParkingSpace()
FNDA:1,System.Void Domain.Entities.Establishments.Establishment::RemoveMotocycleParkingSpace()
DA:74,1
DA:75,1
DA:76,1
FN:18,System.Void Domain.Entities.Establishments.Establishment::.ctor(Domain.Entities.Establishments.ValueObjects.Name,Domain.Entities.Establishments.ValueObjects.CNPJ,Domain.Entities.Addresses.Address,Domain.Entities.Establishments.ValueObjects.Phone,System.Int32,System.Int32)
FNDA:11,System.Void Domain.Entities.Establishments.Establishment::.ctor(Domain.Entities.Establishments.ValueObjects.Name,Domain.Entities.Establishments.ValueObjects.CNPJ,Domain.Entities.Addresses.Address,Domain.Entities.Establishments.ValueObjects.Phone,System.Int32,System.Int32)
DA:19,11
DA:20,11
DA:21,11
DA:22,11
DA:23,1
DA:25,10
DA:26,10
DA:27,10
DA:28,10
DA:30,10
DA:31,2
DA:32,2
DA:33,2
DA:35,8
DA:37,8
DA:38,1
DA:39,1
DA:40,1
DA:42,7
DA:43,7
BRDA:22,15,0,1
BRDA:22,24,0,1
BRDA:22,33,0,1
BRDA:22,15,1,10
BRDA:22,24,1,10
BRDA:22,33,1,10
BRDA:22,48,0,1
BRDA:22,48,1,10
BRDA:30,101,0,2
BRDA:30,101,1,8
BRDA:37,130,0,1
BRDA:37,130,1,7
LF:50
LH:49
BRF:12
BRH:12
FNF:13
FNH:12
end_of_record
SF:/home/yuribispo/Development/fcamara-test/Domain/Entities/Establishments/ValueObjects/CNPJ.cs
FN:20,System.Boolean Domain.Entities.Establishments.ValueObjects.CNPJ::Equals(Domain.Entities.Establishments.ValueObjects.CNPJ)
FNDA:0,System.Boolean Domain.Entities.Establishments.ValueObjects.CNPJ::Equals(Domain.Entities.Establishments.ValueObjects.CNPJ)
DA:21,0
DA:22,0
DA:23,0
BRDA:22,8,0,0
BRDA:22,8,1,0
FN:25,System.Boolean Domain.Entities.Establishments.ValueObjects.CNPJ::Equals(System.Object)
FNDA:0,System.Boolean Domain.Entities.Establishments.ValueObjects.CNPJ::Equals(System.Object)
DA:26,0
DA:27,0
DA:28,0
BRDA:27,9,0,0
BRDA:27,9,1,0
FN:30,System.Boolean Domain.Entities.Establishments.ValueObjects.CNPJ::op_Equality(Domain.Entities.Establishments.ValueObjects.CNPJ,Domain.Entities.Establishments.ValueObjects.CNPJ)
FNDA:1,System.Boolean Domain.Entities.Establishments.ValueObjects.CNPJ::op_Equality(Domain.Entities.Establishments.ValueObjects.CNPJ,Domain.Entities.Establishments.ValueObjects.CNPJ)
DA:31,1
DA:32,1
DA:33,1
DA:35,0
DA:36,1
BRDA:32,2,0,1
BRDA:32,2,1,0
BRDA:32,13,0,1
BRDA:32,13,1,0
FN:38,System.Boolean Domain.Entities.Establishments.ValueObjects.CNPJ::op_Inequality(Domain.Entities.Establishments.ValueObjects.CNPJ,Domain.Entities.Establishments.ValueObjects.CNPJ)
FNDA:0,System.Boolean Domain.Entities.Establishments.ValueObjects.CNPJ::op_Inequality(Domain.Entities.Establishments.ValueObjects.CNPJ,Domain.Entities.Establishments.ValueObjects.CNPJ)
DA:39,0
DA:40,0
DA:41,0
FN:43,System.String Domain.Entities.Establishments.ValueObjects.CNPJ::ToString()
FNDA:3,System.String Domain.Entities.Establishments.ValueObjects.CNPJ::ToString()
DA:44,3
DA:45,3
DA:46,3
FN:48,System.Int32 Domain.Entities.Establishments.ValueObjects.CNPJ::GetHashCode()
FNDA:0,System.Int32 Domain.Entities.Establishments.ValueObjects.CNPJ::GetHashCode()
DA:49,0
DA:50,0
DA:51,0
FN:10,System.Void Domain.Entities.Establishments.ValueObjects.CNPJ::.ctor(System.String)
FNDA:14,System.Void Domain.Entities.Establishments.ValueObjects.CNPJ::.ctor(System.String)
DA:11,14
DA:12,14
DA:13,14
DA:14,1
DA:15,1
DA:17,13
DA:18,13
BRDA:13,16,0,1
BRDA:13,16,1,13
LF:27
LH:14
BRF:10
BRH:4
FNF:7
FNH:3
end_of_record
SF:/home/yuribispo/Development/fcamara-test/Domain/Entities/Establishments/ValueObjects/Name.cs
FN:20,System.Boolean Domain.Entities.Establishments.ValueObjects.Name::Equals(Domain.Entities.Establishments.ValueObjects.Name)
FNDA:10,System.Boolean Domain.Entities.Establishments.ValueObjects.Name::Equals(Domain.Entities.Establishments.ValueObjects.Name)
DA:21,10
DA:22,10
DA:23,10
BRDA:22,8,0,10
BRDA:22,8,1,0
FN:25,System.Boolean Domain.Entities.Establishments.ValueObjects.Name::Equals(System.Object)
FNDA:0,System.Boolean Domain.Entities.Establishments.ValueObjects.Name::Equals(System.Object)
DA:26,0
DA:27,0
DA:28,0
BRDA:27,9,0,0
BRDA:27,9,1,0
FN:30,System.Boolean Domain.Entities.Establishments.ValueObjects.Name::op_Equality(Domain.Entities.Establishments.ValueObjects.Name,Domain.Entities.Establishments.ValueObjects.Name)
FNDA:11,System.Boolean Domain.Entities.Establishments.ValueObjects.Name::op_Equality(Domain.Entities.Establishments.ValueObjects.Name,Domain.Entities.Establishments.ValueObjects.Name)
DA:31,11
DA:32,11
DA:33,1
DA:35,10
DA:36,11
BRDA:32,2,0,1
BRDA:32,2,1,10
BRDA:32,13,0,1
BRDA:32,13,1,10
FN:38,System.Boolean Domain.Entities.Establishments.ValueObjects.Name::op_Inequality(Domain.Entities.Establishments.ValueObjects.Name,Domain.Entities.Establishments.ValueObjects.Name)
FNDA:0,System.Boolean Domain.Entities.Establishments.ValueObjects.Name::op_Inequality(Domain.Entities.Establishments.ValueObjects.Name,Domain.Entities.Establishments.ValueObjects.Name)
DA:39,0
DA:40,0
DA:41,0
FN:43,System.String Domain.Entities.Establishments.ValueObjects.Name::ToString()
FNDA:3,System.String Domain.Entities.Establishments.ValueObjects.Name::ToString()
DA:44,3
DA:45,3
DA:46,3
FN:48,System.Int32 Domain.Entities.Establishments.ValueObjects.Name::GetHashCode()
FNDA:0,System.Int32 Domain.Entities.Establishments.ValueObjects.Name::GetHashCode()
DA:49,0
DA:50,0
DA:51,0
FN:10,System.Void Domain.Entities.Establishments.ValueObjects.Name::.ctor(System.String)
FNDA:16,System.Void Domain.Entities.Establishments.ValueObjects.Name::.ctor(System.String)
DA:11,16
DA:12,16
DA:13,16
DA:14,2
DA:15,2
DA:17,14
DA:18,14
BRDA:13,16,0,2
BRDA:13,16,1,14
LF:27
LH:18
BRF:10
BRH:7
FNF:7
FNH:4
end_of_record
SF:/home/yuribispo/Development/fcamara-test/Domain/Entities/Establishments/ValueObjects/Phone.cs
FN:33,System.Boolean Domain.Entities.Establishments.ValueObjects.Phone::Equals(Domain.Entities.Establishments.ValueObjects.Phone)
FNDA:0,System.Boolean Domain.Entities.Establishments.ValueObjects.Phone::Equals(Domain.Entities.Establishments.ValueObjects.Phone)
DA:34,0
DA:35,0
DA:36,0
DA:37,0
BRDA:35,8,0,0
BRDA:35,8,1,0
BRDA:35,24,0,0
BRDA:35,33,0,0
BRDA:35,33,1,0
BRDA:35,24,1,0
FN:39,System.Boolean Domain.Entities.Establishments.ValueObjects.Phone::Equals(System.Object)
FNDA:0,System.Boolean Domain.Entities.Establishments.ValueObjects.Phone::Equals(System.Object)
DA:40,0
DA:41,0
DA:42,0
BRDA:41,9,0,0
BRDA:41,9,1,0
FN:44,System.Boolean Domain.Entities.Establishments.ValueObjects.Phone::op_Equality(Domain.Entities.Establishments.ValueObjects.Phone,Domain.Entities.Establishments.ValueObjects.Phone)
FNDA:1,System.Boolean Domain.Entities.Establishments.ValueObjects.Phone::op_Equality(Domain.Entities.Establishments.ValueObjects.Phone,Domain.Entities.Establishments.ValueObjects.Phone)
DA:45,1
DA:46,1
DA:47,1
DA:49,0
DA:50,1
BRDA:46,2,0,1
BRDA:46,2,1,0
BRDA:46,13,0,1
BRDA:46,13,1,0
FN:52,System.Boolean Domain.Entities.Establishments.ValueObjects.Phone::op_Inequality(Domain.Entities.Establishments.ValueObjects.Phone,Domain.Entities.Establishments.ValueObjects.Phone)
FNDA:0,System.Boolean Domain.Entities.Establishments.ValueObjects.Phone::op_Inequality(Domain.Entities.Establishments.ValueObjects.Phone,Domain.Entities.Establishments.ValueObjects.Phone)
DA:53,0
DA:54,0
DA:55,0
FN:57,System.String Domain.Entities.Establishments.ValueObjects.Phone::ToString()
FNDA:3,System.String Domain.Entities.Establishments.ValueObjects.Phone::ToString()
DA:58,3
DA:59,3
DA:60,3
DA:62,3
DA:63,3
FN:65,System.Int32 Domain.Entities.Establishments.ValueObjects.Phone::GetHashCode()
FNDA:0,System.Int32 Domain.Entities.Establishments.ValueObjects.Phone::GetHashCode()
DA:66,0
DA:67,0
DA:68,0
DA:69,0
DA:70,0
DA:71,0
FN:11,System.Void Domain.Entities.Establishments.ValueObjects.Phone::.ctor(System.String,System.String)
FNDA:12,System.Void Domain.Entities.Establishments.ValueObjects.Phone::.ctor(System.String,System.String)
DA:12,12
DA:13,12
DA:14,12
DA:15,1
DA:16,1
DA:17,1
DA:18,1
DA:21,11
DA:23,11
DA:24,1
DA:25,1
DA:26,1
DA:27,1
DA:30,10
DA:31,10
BRDA:14,16,0,1
BRDA:14,16,1,11
BRDA:23,45,0,10
BRDA:23,45,1,1
BRDA:23,61,0,1
BRDA:23,61,1,10
LF:41
LH:24
BRF:18
BRH:8
FNF:7
FNH:3
end_of_record
SF:/home/yuribispo/Development/fcamara-test/Domain/Entities/Establishments/Exceptions/AddressFieldShouldNotBeEmpty.cs
FN:12,System.String Domain.Entities.Establishments.Exceptions.AddressFieldShouldNotBeEmpty::AddressFieldMessage(System.String)
FNDA:6,System.String Domain.Entities.Establishments.Exceptions.AddressFieldShouldNotBeEmpty::AddressFieldMessage(System.String)
DA:13,6
DA:14,6
DA:15,6
FN:7,System.Void Domain.Entities.Establishments.Exceptions.AddressFieldShouldNotBeEmpty::.ctor(System.String)
FNDA:6,System.Void Domain.Entities.Establishments.Exceptions.AddressFieldShouldNotBeEmpty::.ctor(System.String)
DA:8,6
DA:9,6
DA:10,6
LF:6
LH:6
BRF:0
BRH:0
FNF:2
FNH:2
end_of_record
SF:/home/yuribispo/Development/fcamara-test/Domain/Entities/Establishments/Exceptions/CarsCapacityShouldBePositive.cs
FN:6,System.Void Domain.Entities.Establishments.Exceptions.CarsCapacityShouldBePositive::.ctor(System.String)
FNDA:2,System.Void Domain.Entities.Establishments.Exceptions.CarsCapacityShouldBePositive::.ctor(System.String)
DA:7,2
DA:8,2
DA:9,2
LF:3
LH:3
BRF:0
BRH:0
FNF:1
FNH:1
end_of_record
SF:/home/yuribispo/Development/fcamara-test/Domain/Entities/Establishments/Exceptions/CNPJShouldNotBeEmptyOrWhiteSpaceException.cs
FN:7,System.Void Domain.Entities.Establishments.Exceptions.CNPJShouldNotBeEmptyOrWhiteSpaceException::.ctor(System.String)
FNDA:1,System.Void Domain.Entities.Establishments.Exceptions.CNPJShouldNotBeEmptyOrWhiteSpaceException::.ctor(System.String)
DA:8,1
DA:9,2
LF:2
LH:2
BRF:0
BRH:0
FNF:1
FNH:1
end_of_record
SF:/home/yuribispo/Development/fcamara-test/Domain/Entities/Establishments/Exceptions/MotorcyclesCapacityShoudlBePositive.cs
FN:6,System.Void Domain.Entities.Establishments.Exceptions.MotorcyclesCapacityShouldBePositive::.ctor(System.String)
FNDA:1,System.Void Domain.Entities.Establishments.Exceptions.MotorcyclesCapacityShouldBePositive::.ctor(System.String)
DA:7,1
DA:8,1
DA:9,1
LF:3
LH:3
BRF:0
BRH:0
FNF:1
FNH:1
end_of_record
SF:/home/yuribispo/Development/fcamara-test/Domain/Entities/Establishments/Exceptions/NameShouldNotBeEmptyOrWhiteSpaceException.cs
FN:7,System.Void Domain.Entities.Establishments.Exceptions.NameShouldNotBeEmptyOrWhiteSpaceException::.ctor(System.String)
FNDA:2,System.Void Domain.Entities.Establishments.Exceptions.NameShouldNotBeEmptyOrWhiteSpaceException::.ctor(System.String)
DA:8,2
DA:9,4
LF:2
LH:2
BRF:0
BRH:0
FNF:1
FNH:1
end_of_record
SF:/home/yuribispo/Development/fcamara-test/Domain/Entities/Establishments/Exceptions/PhoneCodeAreaShouldNotBeEmptyException.cs
FN:6,System.Void Domain.Entities.Establishments.Exceptions.PhoneCodeAreaShouldNotBeEmptyException::.ctor(System.String)
FNDA:1,System.Void Domain.Entities.Establishments.Exceptions.PhoneCodeAreaShouldNotBeEmptyException::.ctor(System.String)
DA:7,1
DA:8,1
DA:9,1
LF:3
LH:3
BRF:0
BRH:0
FNF:1
FNH:1
end_of_record
SF:/home/yuribispo/Development/fcamara-test/Domain/Entities/Establishments/Exceptions/PhoneNumberInvalidFormatException.cs
FN:6,System.Void Domain.Entities.Establishments.Exceptions.PhoneNumberInvalidFormatException::.ctor(System.String)
FNDA:1,System.Void Domain.Entities.Establishments.Exceptions.PhoneNumberInvalidFormatException::.ctor(System.String)
DA:7,1
DA:8,1
DA:9,1
LF:3
LH:3
BRF:0
BRH:0
FNF:1
FNH:1
end_of_record
SF:/home/yuribispo/Development/fcamara-test/Domain/Entities/Addresses/Address.cs
FN:9,System.Int32 Domain.Entities.Addresses.Address::get_Id()
FNDA:0,System.Int32 Domain.Entities.Addresses.Address::get_Id()
DA:10,0
FN:10,System.String Domain.Entities.Addresses.Address::get_Street()
FNDA:24,System.String Domain.Entities.Addresses.Address::get_Street()
DA:11,24
FN:11,System.String Domain.Entities.Addresses.Address::get_Number()
FNDA:23,System.String Domain.Entities.Addresses.Address::get_Number()
DA:12,23
FN:12,System.String Domain.Entities.Addresses.Address::get_Complement()
FNDA:20,System.String Domain.Entities.Addresses.Address::get_Complement()
DA:13,20
FN:13,System.String Domain.Entities.Addresses.Address::get_Neighbourhood()
FNDA:22,System.String Domain.Entities.Addresses.Address::get_Neighbourhood()
DA:14,22
FN:14,System.String Domain.Entities.Addresses.Address::get_City()
FNDA:21,System.String Domain.Entities.Addresses.Address::get_City()
DA:15,21
FN:15,System.String Domain.Entities.Addresses.Address::get_State()
FNDA:19,System.String Domain.Entities.Addresses.Address::get_State()
DA:16,19
FN:16,System.String Domain.Entities.Addresses.Address::get_ZipCode()
FNDA:19,System.String Domain.Entities.Addresses.Address::get_ZipCode()
DA:17,19
FN:55,System.Boolean Domain.Entities.Addresses.Address::Equals(System.Object)
FNDA:0,System.Boolean Domain.Entities.Addresses.Address::Equals(System.Object)
DA:56,0
DA:57,0
DA:58,0
BRDA:57,9,0,0
BRDA:57,9,1,0
FN:60,System.Boolean Domain.Entities.Addresses.Address::op_Equality(Domain.Entities.Addresses.Address,Domain.Entities.Addresses.Address)
FNDA:1,System.Boolean Domain.Entities.Addresses.Address::op_Equality(Domain.Entities.Addresses.Address,Domain.Entities.Addresses.Address)
DA:61,1
DA:62,1
DA:63,1
DA:65,0
DA:66,1
BRDA:62,2,0,1
BRDA:62,2,1,0
BRDA:62,13,0,1
BRDA:62,13,1,0
FN:68,System.Boolean Domain.Entities.Addresses.Address::op_Inequality(Domain.Entities.Addresses.Address,Domain.Entities.Addresses.Address)
FNDA:0,System.Boolean Domain.Entities.Addresses.Address::op_Inequality(Domain.Entities.Addresses.Address,Domain.Entities.Addresses.Address)
DA:69,0
DA:70,0
DA:71,0
FN:73,System.String Domain.Entities.Addresses.Address::ToString()
FNDA:1,System.String Domain.Entities.Addresses.Address::ToString()
DA:74,1
DA:75,1
DA:76,1
DA:77,1
DA:79,1
DA:80,1
DA:81,1
BRDA:76,23,0,1
BRDA:76,23,1,1
FN:83,System.String Domain.Entities.Addresses.Address::formatZipCode(System.String)
FNDA:1,System.String Domain.Entities.Addresses.Address::formatZipCode(System.String)
DA:84,1
DA:85,1
DA:86,1
FN:87,Domain.Data.Address Domain.Entities.Addresses.Address::ToDataEntity()
FNDA:3,Domain.Data.Address Domain.Entities.Addresses.Address::ToDataEntity()
DA:88,3
DA:89,3
DA:90,3
DA:91,3
FN:93,System.Int32 Domain.Entities.Addresses.Address::GetHashCode()
FNDA:0,System.Int32 Domain.Entities.Addresses.Address::GetHashCode()
DA:94,0
DA:95,0
DA:96,0
DA:97,0
DA:98,0
DA:99,0
DA:100,0
DA:101,0
DA:102,0
DA:103,0
DA:104,0
FN:18,System.Void Domain.Entities.Addresses.Address::.ctor(System.String,System.String,System.String,System.String,System.String,System.String,System.String)
FNDA:20,System.Void Domain.Entities.Addresses.Address::.ctor(System.String,System.String,System.String,System.String,System.String,System.String,System.String)
DA:19,20
DA:20,20
DA:21,20
DA:22,20
DA:23,1
DA:25,19
DA:27,19
DA:28,1
DA:30,18
DA:32,18
DA:33,1
DA:35,17
DA:37,17
DA:38,1
DA:40,16
DA:42,16
DA:43,1
DA:45,15
DA:47,15
DA:48,1
DA:50,14
DA:52,14
DA:53,14
BRDA:22,16,0,1
BRDA:22,16,1,19
BRDA:27,45,0,1
BRDA:27,45,1,18
BRDA:32,74,0,1
BRDA:32,74,1,17
BRDA:37,104,0,1
BRDA:37,104,1,16
BRDA:42,137,0,1
BRDA:42,137,1,15
BRDA:47,170,0,1
BRDA:47,170,1,14
LF:67
LH:48
BRF:20
BRH:16
FNF:16
FNH:12
end_of_record
SF:/home/yuribispo/Development/fcamara-test/Domain/Entities/Addresses/ValueObjects/ZipCode.cs
FN:23,System.Boolean Domain.Entities.Addresses.ValueObjects.ZipCode::Equals(Domain.Entities.Addresses.ValueObjects.ZipCode)
FNDA:0,System.Boolean Domain.Entities.Addresses.ValueObjects.ZipCode::Equals(Domain.Entities.Addresses.ValueObjects.ZipCode)
DA:24,0
DA:25,0
DA:26,0
BRDA:25,8,0,0
BRDA:25,8,1,0
FN:28,System.Boolean Domain.Entities.Addresses.ValueObjects.ZipCode::Equals(System.Object)
FNDA:0,System.Boolean Domain.Entities.Addresses.ValueObjects.ZipCode::Equals(System.Object)
DA:29,0
DA:30,0
DA:31,0
BRDA:30,9,0,0
BRDA:30,9,1,0
FN:33,System.Boolean Domain.Entities.Addresses.ValueObjects.ZipCode::op_Equality(Domain.Entities.Addresses.ValueObjects.ZipCode,Domain.Entities.Addresses.ValueObjects.ZipCode)
FNDA:0,System.Boolean Domain.Entities.Addresses.ValueObjects.ZipCode::op_Equality(Domain.Entities.Addresses.ValueObjects.ZipCode,Domain.Entities.Addresses.ValueObjects.ZipCode)
DA:34,0
DA:35,0
DA:36,0
FN:38,System.Boolean Domain.Entities.Addresses.ValueObjects.ZipCode::op_Inequality(Domain.Entities.Addresses.ValueObjects.ZipCode,Domain.Entities.Addresses.ValueObjects.ZipCode)
FNDA:0,System.Boolean Domain.Entities.Addresses.ValueObjects.ZipCode::op_Inequality(Domain.Entities.Addresses.ValueObjects.ZipCode,Domain.Entities.Addresses.ValueObjects.ZipCode)
DA:39,0
DA:40,0
DA:41,0
FN:43,System.String Domain.Entities.Addresses.ValueObjects.ZipCode::ToString()
FNDA:0,System.String Domain.Entities.Addresses.ValueObjects.ZipCode::ToString()
DA:44,0
DA:45,0
DA:46,0
FN:48,System.Int32 Domain.Entities.Addresses.ValueObjects.ZipCode::GetHashCode()
FNDA:0,System.Int32 Domain.Entities.Addresses.ValueObjects.ZipCode::GetHashCode()
DA:49,0
DA:50,0
DA:51,0
FN:10,System.Void Domain.Entities.Addresses.ValueObjects.ZipCode::.ctor(System.String)
FNDA:0,System.Void Domain.Entities.Addresses.ValueObjects.ZipCode::.ctor(System.String)
DA:11,0
DA:12,0
DA:13,0
DA:14,0
DA:15,0
DA:17,0
DA:18,0
DA:20,0
DA:21,0
BRDA:13,16,0,0
BRDA:13,16,1,0
BRDA:17,48,0,0
BRDA:17,48,1,0
LF:27
LH:0
BRF:8
BRH:0
FNF:7
FNH:0
end_of_record
SF:/home/yuribispo/Development/fcamara-test/Domain/Entities/Addresses/Exceptions/ZipCodeInvalidFormatException.cs
FN:6,System.Void Domain.Entities.Addresses.Exceptions.ZipCodeInvalidFormatException::.ctor(System.String)
FNDA:0,System.Void Domain.Entities.Addresses.Exceptions.ZipCodeInvalidFormatException::.ctor(System.String)
DA:7,0
DA:8,0
DA:9,0
LF:3
LH:0
BRF:0
BRH:0
FNF:1
FNH:0
end_of_record
SF:/home/yuribispo/Development/fcamara-test/Domain/Entities/Addresses/Exceptions/ZipCodeShouldNotBeEmptyException.cs
FN:6,System.Void Domain.Entities.Addresses.Exceptions.ZipCodeShouldNotBeEmptyException::.ctor(System.String)
FNDA:0,System.Void Domain.Entities.Addresses.Exceptions.ZipCodeShouldNotBeEmptyException::.ctor(System.String)
DA:7,0
DA:8,0
DA:9,0
LF:3
LH:0
BRF:0
BRH:0
FNF:1
FNH:0
end_of_record
SF:/home/yuribispo/Development/fcamara-test/Domain/Data/Address.cs
FN:4,System.Int32 Domain.Data.Address::get_Id()
FNDA:5,System.Int32 Domain.Data.Address::get_Id()
DA:5,5
FN:5,System.String Domain.Data.Address::get_Street()
FNDA:5,System.String Domain.Data.Address::get_Street()
DA:6,5
FN:6,System.String Domain.Data.Address::get_Number()
FNDA:5,System.String Domain.Data.Address::get_Number()
DA:7,5
FN:7,System.String Domain.Data.Address::get_Complement()
FNDA:5,System.String Domain.Data.Address::get_Complement()
DA:8,5
FN:8,System.String Domain.Data.Address::get_Neighbourhood()
FNDA:5,System.String Domain.Data.Address::get_Neighbourhood()
DA:9,5
FN:9,System.String Domain.Data.Address::get_City()
FNDA:5,System.String Domain.Data.Address::get_City()
DA:10,5
FN:10,System.String Domain.Data.Address::get_State()
FNDA:5,System.String Domain.Data.Address::get_State()
DA:11,5
FN:11,System.String Domain.Data.Address::get_ZipCode()
FNDA:5,System.String Domain.Data.Address::get_ZipCode()
DA:12,5
FN:13,System.Void Domain.Data.Address::.ctor(System.Int32,System.String,System.String,System.String,System.String,System.String,System.String,System.String)
FNDA:3,System.Void Domain.Data.Address::.ctor(System.Int32,System.String,System.String,System.String,System.String,System.String,System.String,System.String)
DA:14,3
DA:15,3
DA:16,3
DA:17,3
DA:18,3
DA:19,3
DA:20,3
DA:21,3
DA:22,3
DA:23,3
DA:24,3
DA:25,3
LF:20
LH:20
BRF:0
BRH:0
FNF:9
FNH:9
end_of_record
SF:/home/yuribispo/Development/fcamara-test/Domain/Data/Establishment.cs
FN:4,System.Int32 Domain.Data.Establishment::get_Id()
FNDA:0,System.Int32 Domain.Data.Establishment::get_Id()
DA:5,0
FN:5,System.String Domain.Data.Establishment::get_Name()
FNDA:3,System.String Domain.Data.Establishment::get_Name()
DA:6,3
FN:6,System.String Domain.Data.Establishment::get_CNPJ()
FNDA:3,System.String Domain.Data.Establishment::get_CNPJ()
DA:7,3
FN:7,Domain.Data.Address Domain.Data.Establishment::get_Address()
FNDA:3,Domain.Data.Address Domain.Data.Establishment::get_Address()
DA:8,3
FN:8,System.String Domain.Data.Establishment::get_Phone()
FNDA:3,System.String Domain.Data.Establishment::get_Phone()
DA:9,3
FN:9,System.Int32 Domain.Data.Establishment::get_CarsCapacity()
FNDA:3,System.Int32 Domain.Data.Establishment::get_CarsCapacity()
DA:10,3
FN:10,System.Int32 Domain.Data.Establishment::get_MotorcyclesCapacity()
FNDA:3,System.Int32 Domain.Data.Establishment::get_MotorcyclesCapacity()
DA:11,3
FN:12,System.Void Domain.Data.Establishment::.ctor(System.Int32,System.String,System.String,Domain.Data.Address,System.String,System.Int32,System.Int32)
FNDA:2,System.Void Domain.Data.Establishment::.ctor(System.Int32,System.String,System.String,Domain.Data.Address,System.String,System.Int32,System.Int32)
DA:13,2
DA:14,2
DA:15,2
DA:16,2
DA:17,2
DA:18,2
DA:19,2
DA:20,2
DA:21,2
DA:22,2
DA:23,2
LF:18
LH:17
BRF:0
BRH:0
FNF:8
FNH:7
end_of_record